<?xml version="1.0" encoding="UTF-8"?>
<!-- Generated by org.testng.reporters.JUnitReportReporter -->
<testsuite hostname="C40LAP-12928" name="testpackage.EdgeTest" tests="1" failures="0" timestamp="7 Jan 2022 06:19:04 GMT" time="5.610" errors="0">
  <testcase name="test" time="5.610" classname="testpackage.EdgeTest"/>
</testsuite> <!-- testpackage.EdgeTest -->
