<?xml version="1.0" encoding="UTF-8"?>
<!-- Generated by org.testng.reporters.JUnitReportReporter -->
<testsuite hostname="C40LAP-12928" name="testpackage.MavenTest1" tests="1" failures="0" timestamp="7 Jan 2022 06:19:04 GMT" time="3.293" errors="0">
  <testcase name="test" time="3.293" classname="testpackage.MavenTest1"/>
</testsuite> <!-- testpackage.MavenTest1 -->
